<?xml version="1.0" encoding="UTF-8"?>
<testsuite xmlns:xsi="http://www.w3.org/2001/XMLSchema-instance" xsi:noNamespaceSchemaLocation="https://maven.apache.org/surefire/maven-surefire-plugin/xsd/surefire-test-report.xsd" name="com.tic_tac_toe.AppTest" time="0.078" tests="3" errors="0" skipped="0" failures="0">
  <properties>
[...]
</properties>
  <testcase name="testValidMove" classname="com.tic_tac_toe.AppTest" time="0.045"/>
  <testcase name="testOutOfBoundsMove" classname="com.tic_tac_toe.AppTest" time="0.002"/>
  <testcase name="testOccupiedCellMove" classname="com.tic_tac_toe.AppTest" time="0.002"/>
</testsuite>